<?xml version="1.0" encoding="UTF-8"?>
<!-- Generated by org.testng.reporters.JUnitReportReporter -->
<testsuite hostname="Cueverz-Nantha" failures="0" tests="1" name="com.Anantation.Login" time="25.282" errors="0" timestamp="2023-07-29T15:18:54 IST" skipped="0">
  <testcase classname="com.Anantation.Login" name="f" time="25.282"/>
</testsuite> <!-- com.Anantation.Login -->
